<?xml version="1.0" encoding="UTF-8"?>
<!-- Generated by org.testng.reporters.JUnitXMLReporter -->
<testsuite hostname="Lenovo-PC" ignored="0" name="Home Page Regression Test" tests="5" failures="0" timestamp="24 Aug 2020 21:41:17 GMT" time="25.91" errors="0">
  <testcase name="verifyHomePageTitleTest" time="14.599" classname="com.qa.hubspot.tests.HomePageTest"/>
  <testcase name="verifyHomePageHeaderTest" time="0.046" classname="com.qa.hubspot.tests.HomePageTest"/>
  <testcase name="verifyLoggedInUserTest" time="0.347" classname="com.qa.hubspot.tests.HomePageTest"/>
  <testcase name="verifyHeaderContents" time="0.104" classname="com.qa.hubspot.tests.HomePageTest"/>
  <testcase name="verifyLinksUnderContacts" time="0.093" classname="com.qa.hubspot.tests.HomePageTest"/>
</testsuite> <!-- Home Page Regression Test -->
