<?xml version="1.0" encoding="UTF-8"?>
<!-- Generated by org.testng.reporters.JUnitXMLReporter -->
<testsuite hostname="Lenovo-PC" ignored="0" name="Hub Spot Functional Regression Test" tests="2" failures="0" timestamp="22 Aug 2020 22:11:11 GMT" time="29.109" errors="0">
  <testcase name="verifyLoginPageTitleTest" time="5.033" classname="com.qa.hubspot.tests.LoginPageTest"/>
  <testcase name="verifyHomePageTitleTest" time="0.012" classname="com.qa.hubspot.tests.HomePageTest"/>
</testsuite> <!-- Hub Spot Functional Regression Test -->
