<?xml version="1.0" encoding="UTF-8"?>
<!-- Generated by org.testng.reporters.JUnitXMLReporter -->
<testsuite hostname="Lenovo-PC" ignored="1" name="Login Page Regression Test" tests="11" failures="0" timestamp="24 Aug 2020 21:40:51 GMT" time="33.722" errors="0">
  <testcase name="verifyLoginPageTitleTest" time="4.856" classname="com.qa.hubspot.tests.LoginPageTest"/>
  <testcase name="verifySignUpLinkTest" time="0.162" classname="com.qa.hubspot.tests.LoginPageTest"/>
  <testcase name="verifyNoAccountText" time="0.034" classname="com.qa.hubspot.tests.LoginPageTest"/>
  <testcase name="verifyEmailAndPasswordLabelText" time="0.251" classname="com.qa.hubspot.tests.LoginPageTest"/>
  <testcase name="verifyShowAndHidePasswordLinkText" time="3.465" classname="com.qa.hubspot.tests.LoginPageTest"/>
  <testcase name="verifyForgotPasswordLink" time="0.044" classname="com.qa.hubspot.tests.LoginPageTest"/>
  <testcase name="verifyRememeberMeCheckBox" time="0.031" classname="com.qa.hubspot.tests.LoginPageTest"/>
  <testcase name="verifyLoginButtonIsDisabled" time="0.022" classname="com.qa.hubspot.tests.LoginPageTest"/>
  <testcase name="verifyGoogleAndSSOBtn" time="0.055" classname="com.qa.hubspot.tests.LoginPageTest"/>
  <testcase name="verifyFooterText" time="0.033" classname="com.qa.hubspot.tests.LoginPageTest"/>
  <testcase name="loginTest" time="17.947" classname="com.qa.hubspot.tests.LoginPageTest"/>
  <testcase name="login_InvalidTestCases" time="0.0" classname="com.qa.hubspot.tests.LoginPageTest">
    <ignored/>
  </testcase> <!-- login_InvalidTestCases -->
</testsuite> <!-- Login Page Regression Test -->
