<?xml version="1.0" encoding="UTF-8"?>
<!-- Generated by org.testng.reporters.JUnitXMLReporter -->
<testsuite hostname="Lenovo-PC" ignored="0" name="Regression Functional Regression Test 3" tests="2" failures="0" timestamp="28 Aug 2020 20:12:11 GMT" time="65.011" errors="0">
  <testcase name="verifyContactsPageTitle" time="0.915" classname="com.qa.hubspot.tests.ContactsPageTest"/>
  <testcase name="createContactsTest" time="7.556" classname="com.qa.hubspot.tests.ContactsPageTest"/>
</testsuite> <!-- Regression Functional Regression Test 3 -->
