<?xml version="1.0" encoding="UTF-8"?>
<!-- Generated by org.testng.reporters.JUnitXMLReporter -->
<testsuite hostname="Lenovo-PC" ignored="1" name="Command line test" tests="2" failures="1" timestamp="26 Aug 2020 02:31:19 GMT" time="61.361" errors="0">
  <testcase name="verifyHomePageTitleTest" time="20.181" classname="com.qa.hubspot.tests.HomePageTest">
    <failure type="org.openqa.selenium.TimeoutException" message="Expected condition failed: waiting for title to be &amp;quot;Reports dashboard&amp;quot;. Current title: &amp;quot;HubSpot Login&amp;quot; (tried for 20 second(s) with 500 milliseconds interval)
Build info: version: &amp;apos;3.141.59&amp;apos;, revision: &amp;apos;e82be7d358&amp;apos;, time: &amp;apos;2018-11-14T08:17:03&amp;apos;
System info: host: &amp;apos;LENOVO-PC&amp;apos;, ip: &amp;apos;192.168.56.1&amp;apos;, os.name: &amp;apos;Windows 8.1&amp;apos;, os.arch: &amp;apos;amd64&amp;apos;, os.version: &amp;apos;6.3&amp;apos;, java.version: &amp;apos;1.8.0_241&amp;apos;
Driver info: org.openqa.selenium.firefox.FirefoxDriver
Capabilities {acceptInsecureCerts: true, browserName: firefox, browserVersion: 79.0, javascriptEnabled: true, moz:accessibilityChecks: false, moz:buildID: 20200720193547, moz:geckodriverVersion: 0.27.0, moz:headless: true, moz:processID: 388, moz:profile: C:\Users\Deepshikha\AppData..., moz:shutdownTimeout: 60000, moz:useNonSpecCompliantPointerOrigin: false, moz:webdriverClick: true, pageLoadStrategy: normal, platform: WINDOWS, platformName: WINDOWS, platformVersion: 6.3, rotatable: false, setWindowRect: true, strictFileInteractability: false, timeouts: {implicit: 0, pageLoad: 300000, script: 30000}, unhandledPromptBehavior: dismiss and notify}
Session ID: d7a92fe3-2637-44d3-ba57-f715c1e3e042">
      <![CDATA[org.openqa.selenium.TimeoutException: Expected condition failed: waiting for title to be "Reports dashboard". Current title: "HubSpot Login" (tried for 20 second(s) with 500 milliseconds interval)
Build info: version: '3.141.59', revision: 'e82be7d358', time: '2018-11-14T08:17:03'
System info: host: 'LENOVO-PC', ip: '192.168.56.1', os.name: 'Windows 8.1', os.arch: 'amd64', os.version: '6.3', java.version: '1.8.0_241'
Driver info: org.openqa.selenium.firefox.FirefoxDriver
Capabilities {acceptInsecureCerts: true, browserName: firefox, browserVersion: 79.0, javascriptEnabled: true, moz:accessibilityChecks: false, moz:buildID: 20200720193547, moz:geckodriverVersion: 0.27.0, moz:headless: true, moz:processID: 388, moz:profile: C:\Users\Deepshikha\AppData..., moz:shutdownTimeout: 60000, moz:useNonSpecCompliantPointerOrigin: false, moz:webdriverClick: true, pageLoadStrategy: normal, platform: WINDOWS, platformName: WINDOWS, platformVersion: 6.3, rotatable: false, setWindowRect: true, strictFileInteractability: false, timeouts: {implicit: 0, pageLoad: 300000, script: 30000}, unhandledPromptBehavior: dismiss and notify}
Session ID: d7a92fe3-2637-44d3-ba57-f715c1e3e042
at org.openqa.selenium.support.ui.WebDriverWait.timeoutException(WebDriverWait.java:95)
at org.openqa.selenium.support.ui.FluentWait.until(FluentWait.java:272)
at com.qa.hubspot.util.ElementUtil.waitForTitlePresent(ElementUtil.java:24)
at com.qa.hubspot.page.HomePage.getHomePageTitle(HomePage.java:34)
at com.qa.hubspot.tests.HomePageTest.verifyHomePageTitleTest(HomePageTest.java:41)
... Removed 35 stack frames]]>
    </failure>
  </testcase> <!-- verifyHomePageTitleTest -->
  <testcase name="verifyLoginPageTitleTest" time="0.022" classname="com.qa.hubspot.tests.LoginPageTest"/>
  <testcase name="login_InvalidTestCases" time="0.0" classname="com.qa.hubspot.tests.LoginPageTest">
    <ignored/>
  </testcase> <!-- login_InvalidTestCases -->
</testsuite> <!-- Command line test -->
