<?xml version="1.0" encoding="UTF-8"?>
<testng-results skipped="0" failed="0" ignored="2" total="19" passed="17">
  <reporter-output>
  </reporter-output>
  <suite name="Hub Spot Regression Suite" duration-ms="154996" started-at="2020-09-04T01:08:40Z" finished-at="2020-09-04T01:11:15Z">
    <groups>
      <group name="Regression">
        <method signature="HomePageTest.verifyHomePageTitleTest()[pri:1, instance:com.qa.hubspot.tests.HomePageTest@4d178d55]" name="verifyHomePageTitleTest" class="com.qa.hubspot.tests.HomePageTest"/>
      </group> <!-- Regression -->
      <group name="sanity">
        <method signature="LoginPageTest.verifyLoginPageTitleTest()[pri:1, instance:com.qa.hubspot.tests.LoginPageTest@5445f5ba]" name="verifyLoginPageTitleTest" class="com.qa.hubspot.tests.LoginPageTest"/>
        <method signature="HomePageTest.verifyHomePageTitleTest()[pri:1, instance:com.qa.hubspot.tests.HomePageTest@4d178d55]" name="verifyHomePageTitleTest" class="com.qa.hubspot.tests.HomePageTest"/>
      </group> <!-- sanity -->
    </groups>
    <test name="Regression Functional Regression Test 1" duration-ms="60509" started-at="2020-09-04T01:08:40Z" finished-at="2020-09-04T01:09:40Z">
      <class name="com.qa.hubspot.tests.LoginPageTest">
        <test-method status="PASS" signature="setUp(java.lang.String)[pri:0, instance:com.qa.hubspot.tests.LoginPageTest@5445f5ba]" name="setUp" is-config="true" duration-ms="34499" started-at="2020-09-04T01:08:40Z" finished-at="2020-09-04T01:09:15Z">
          <params>
            <param index="0">
              <value>
                <![CDATA[firefox]]>
              </value>
            </param>
          </params>
          <reporter-output>
          </reporter-output>
        </test-method> <!-- setUp -->
        <test-method status="PASS" signature="verifyLoginPageTitleTest()[pri:1, instance:com.qa.hubspot.tests.LoginPageTest@5445f5ba]" name="verifyLoginPageTitleTest" duration-ms="3716" started-at="2020-09-04T01:09:15Z" description="verify login page title test...!!!" finished-at="2020-09-04T01:09:18Z">
          <reporter-output>
          </reporter-output>
        </test-method> <!-- verifyLoginPageTitleTest -->
        <test-method status="PASS" signature="verifySignUpLinkTest()[pri:2, instance:com.qa.hubspot.tests.LoginPageTest@5445f5ba]" name="verifySignUpLinkTest" duration-ms="1648" started-at="2020-09-04T01:09:18Z" finished-at="2020-09-04T01:09:20Z">
          <reporter-output>
          </reporter-output>
        </test-method> <!-- verifySignUpLinkTest -->
        <test-method status="PASS" signature="verifyNoAccountText()[pri:3, instance:com.qa.hubspot.tests.LoginPageTest@5445f5ba]" name="verifyNoAccountText" duration-ms="567" started-at="2020-09-04T01:09:20Z" finished-at="2020-09-04T01:09:21Z">
          <reporter-output>
          </reporter-output>
        </test-method> <!-- verifyNoAccountText -->
        <test-method status="PASS" signature="verifyEmailAndPasswordLabelText()[pri:4, instance:com.qa.hubspot.tests.LoginPageTest@5445f5ba]" name="verifyEmailAndPasswordLabelText" duration-ms="1317" started-at="2020-09-04T01:09:21Z" finished-at="2020-09-04T01:09:22Z">
          <reporter-output>
          </reporter-output>
        </test-method> <!-- verifyEmailAndPasswordLabelText -->
        <test-method status="PASS" signature="verifyShowAndHidePasswordLinkText()[pri:5, instance:com.qa.hubspot.tests.LoginPageTest@5445f5ba]" name="verifyShowAndHidePasswordLinkText" duration-ms="5852" started-at="2020-09-04T01:09:22Z" finished-at="2020-09-04T01:09:28Z">
          <reporter-output>
          </reporter-output>
        </test-method> <!-- verifyShowAndHidePasswordLinkText -->
        <test-method status="PASS" signature="verifyForgotPasswordLink()[pri:6, instance:com.qa.hubspot.tests.LoginPageTest@5445f5ba]" name="verifyForgotPasswordLink" duration-ms="689" started-at="2020-09-04T01:09:28Z" finished-at="2020-09-04T01:09:29Z">
          <reporter-output>
          </reporter-output>
        </test-method> <!-- verifyForgotPasswordLink -->
        <test-method status="PASS" signature="verifyRememeberMeCheckBox()[pri:7, instance:com.qa.hubspot.tests.LoginPageTest@5445f5ba]" name="verifyRememeberMeCheckBox" duration-ms="571" started-at="2020-09-04T01:09:29Z" finished-at="2020-09-04T01:09:29Z">
          <reporter-output>
          </reporter-output>
        </test-method> <!-- verifyRememeberMeCheckBox -->
        <test-method status="PASS" signature="verifyLoginButtonIsDisabled()[pri:8, instance:com.qa.hubspot.tests.LoginPageTest@5445f5ba]" name="verifyLoginButtonIsDisabled" duration-ms="625" started-at="2020-09-04T01:09:29Z" finished-at="2020-09-04T01:09:30Z">
          <reporter-output>
          </reporter-output>
        </test-method> <!-- verifyLoginButtonIsDisabled -->
        <test-method status="PASS" signature="verifyGoogleAndSSOBtn()[pri:9, instance:com.qa.hubspot.tests.LoginPageTest@5445f5ba]" name="verifyGoogleAndSSOBtn" duration-ms="1246" started-at="2020-09-04T01:09:30Z" finished-at="2020-09-04T01:09:31Z">
          <reporter-output>
          </reporter-output>
        </test-method> <!-- verifyGoogleAndSSOBtn -->
        <test-method status="PASS" signature="verifyFooterText()[pri:10, instance:com.qa.hubspot.tests.LoginPageTest@5445f5ba]" name="verifyFooterText" duration-ms="628" started-at="2020-09-04T01:09:31Z" finished-at="2020-09-04T01:09:32Z">
          <reporter-output>
          </reporter-output>
        </test-method> <!-- verifyFooterText -->
        <test-method status="PASS" signature="tearDown()[pri:0, instance:com.qa.hubspot.tests.LoginPageTest@5445f5ba]" name="tearDown" is-config="true" duration-ms="8246" started-at="2020-09-04T01:09:32Z" finished-at="2020-09-04T01:09:40Z">
          <reporter-output>
          </reporter-output>
        </test-method> <!-- tearDown -->
      </class> <!-- com.qa.hubspot.tests.LoginPageTest -->
    </test> <!-- Regression Functional Regression Test 1 -->
    <test name="Regression Functional Regression Test 2" duration-ms="28933" started-at="2020-09-04T01:09:45Z" finished-at="2020-09-04T01:10:14Z">
      <class name="com.qa.hubspot.tests.HomePageTest">
        <test-method status="PASS" signature="setUp(java.lang.String)[pri:0, instance:com.qa.hubspot.tests.HomePageTest@4d178d55]" name="setUp" is-config="true" duration-ms="11414" started-at="2020-09-04T01:09:45Z" finished-at="2020-09-04T01:09:56Z">
          <params>
            <param index="0">
              <value>
                <![CDATA[chrome]]>
              </value>
            </param>
          </params>
          <reporter-output>
          </reporter-output>
        </test-method> <!-- setUp -->
        <test-method status="PASS" signature="verifyHomePageTitleTest()[pri:1, instance:com.qa.hubspot.tests.HomePageTest@4d178d55]" name="verifyHomePageTitleTest" duration-ms="12327" started-at="2020-09-04T01:09:56Z" finished-at="2020-09-04T01:10:09Z">
          <reporter-output>
          </reporter-output>
        </test-method> <!-- verifyHomePageTitleTest -->
        <test-method status="PASS" signature="verifyHomePageHeaderTest()[pri:2, instance:com.qa.hubspot.tests.HomePageTest@4d178d55]" name="verifyHomePageHeaderTest" duration-ms="1947" started-at="2020-09-04T01:10:09Z" finished-at="2020-09-04T01:10:11Z">
          <reporter-output>
          </reporter-output>
        </test-method> <!-- verifyHomePageHeaderTest -->
        <test-method status="PASS" signature="verifyLoggedInUserTest()[pri:3, instance:com.qa.hubspot.tests.HomePageTest@4d178d55]" name="verifyLoggedInUserTest" duration-ms="2013" started-at="2020-09-04T01:10:11Z" finished-at="2020-09-04T01:10:13Z">
          <reporter-output>
          </reporter-output>
        </test-method> <!-- verifyLoggedInUserTest -->
        <test-method status="PASS" signature="verifyHeaderContents()[pri:4, instance:com.qa.hubspot.tests.HomePageTest@4d178d55]" name="verifyHeaderContents" duration-ms="387" started-at="2020-09-04T01:10:13Z" finished-at="2020-09-04T01:10:13Z">
          <reporter-output>
          </reporter-output>
        </test-method> <!-- verifyHeaderContents -->
        <test-method status="PASS" signature="verifyLinksUnderContacts()[pri:5, instance:com.qa.hubspot.tests.HomePageTest@4d178d55]" name="verifyLinksUnderContacts" duration-ms="135" started-at="2020-09-04T01:10:13Z" finished-at="2020-09-04T01:10:13Z">
          <reporter-output>
          </reporter-output>
        </test-method> <!-- verifyLinksUnderContacts -->
        <test-method status="PASS" signature="tearDown()[pri:0, instance:com.qa.hubspot.tests.HomePageTest@4d178d55]" name="tearDown" is-config="true" duration-ms="691" started-at="2020-09-04T01:10:13Z" finished-at="2020-09-04T01:10:14Z">
          <reporter-output>
          </reporter-output>
        </test-method> <!-- tearDown -->
      </class> <!-- com.qa.hubspot.tests.HomePageTest -->
    </test> <!-- Regression Functional Regression Test 2 -->
    <test name="Regression Functional Regression Test 3" duration-ms="59985" started-at="2020-09-04T01:10:15Z" finished-at="2020-09-04T01:11:15Z">
      <class name="com.qa.hubspot.tests.ContactsPageTest">
        <test-method status="PASS" signature="setUp()[pri:0, instance:com.qa.hubspot.tests.ContactsPageTest@7c84195]" name="setUp" is-config="true" duration-ms="23382" started-at="2020-09-04T01:10:15Z" finished-at="2020-09-04T01:10:38Z">
          <reporter-output>
          </reporter-output>
        </test-method> <!-- setUp -->
        <test-method status="PASS" signature="verifyContactsPageTitle()[pri:1, instance:com.qa.hubspot.tests.ContactsPageTest@7c84195]" name="verifyContactsPageTitle" duration-ms="994" started-at="2020-09-04T01:10:38Z" finished-at="2020-09-04T01:10:39Z">
          <reporter-output>
          </reporter-output>
        </test-method> <!-- verifyContactsPageTitle -->
        <test-method status="PASS" signature="tearDown()[pri:0, instance:com.qa.hubspot.tests.ContactsPageTest@7c84195]" name="tearDown" is-config="true" duration-ms="670" started-at="2020-09-04T01:10:39Z" finished-at="2020-09-04T01:10:40Z">
          <reporter-output>
          </reporter-output>
        </test-method> <!-- tearDown -->
        <test-method status="PASS" signature="setUp()[pri:0, instance:com.qa.hubspot.tests.ContactsPageTest@7c84195]" name="setUp" is-config="true" duration-ms="25368" started-at="2020-09-04T01:10:42Z" finished-at="2020-09-04T01:11:07Z">
          <reporter-output>
          </reporter-output>
        </test-method> <!-- setUp -->
        <test-method status="PASS" signature="createContactsTest(java.lang.String, java.lang.String, java.lang.String, java.lang.String)[pri:2, instance:com.qa.hubspot.tests.ContactsPageTest@7c84195]" name="createContactsTest" duration-ms="6914" started-at="2020-09-04T01:11:07Z" data-provider="getContactsTestData" finished-at="2020-09-04T01:11:14Z">
          <params>
            <param index="0">
              <value>
                <![CDATA[tom3@gmail.com]]>
              </value>
            </param>
            <param index="1">
              <value>
                <![CDATA[Tom]]>
              </value>
            </param>
            <param index="2">
              <value>
                <![CDATA[Peter]]>
              </value>
            </param>
            <param index="3">
              <value>
                <![CDATA[QA Engineer]]>
              </value>
            </param>
          </params>
          <reporter-output>
          </reporter-output>
        </test-method> <!-- createContactsTest -->
        <test-method status="PASS" signature="tearDown()[pri:0, instance:com.qa.hubspot.tests.ContactsPageTest@7c84195]" name="tearDown" is-config="true" duration-ms="675" started-at="2020-09-04T01:11:14Z" finished-at="2020-09-04T01:11:15Z">
          <reporter-output>
          </reporter-output>
        </test-method> <!-- tearDown -->
      </class> <!-- com.qa.hubspot.tests.ContactsPageTest -->
    </test> <!-- Regression Functional Regression Test 3 -->
  </suite> <!-- Hub Spot Regression Suite -->
</testng-results>
